<?xml version="1.0" encoding="UTF-8"?>
<!-- Generated by org.testng.reporters.JUnitXMLReporter -->
<testsuite hostname="PCIN487046" ignored="0" name="hotel booking-chromeTest" tests="14" failures="1" timestamp="11 Nov 2020 04:22:25 GMT" time="84.975" errors="0">
  <testcase name="testCaseReadExcel" time="11.256" classname="testscenarios.Hotels"/>
  <testcase name="testCaseStaysButton" time="1.554" classname="testscenarios.Hotels"/>
  <testcase name="testCaseLocationBox" time="2.122" classname="testscenarios.Hotels"/>
  <testcase name="testCaseLocationInput" time="0.135" classname="testscenarios.Hotels"/>
  <testcase name="testCaseCitySelect" time="1.038" classname="testscenarios.Hotels"/>
  <testcase name="testCaseDate" time="0.412" classname="testscenarios.Hotels"/>
  <testcase name="testCaseSearch" time="0.074" classname="testscenarios.Hotels"/>
  <testcase name="screenshotInitial" time="1.546" classname="testscenarios.Hotels"/>
  <testcase name="testCaseSetPrice" time="2.584" classname="testscenarios.Hotels"/>
  <testcase name="testCaseSetMin" time="22.121" classname="testscenarios.Hotels">
    <failure type="org.openqa.selenium.TimeoutException" message="Expected condition failed: waiting for value to contain &amp;quot;600&amp;quot;. Current value: &amp;quot;null&amp;quot; (tried for 15 second(s) with 500 milliseconds interval)
Build info: version: &amp;apos;3.141.59&amp;apos;, revision: &amp;apos;e82be7d358&amp;apos;, time: &amp;apos;2018-11-14T08:17:03&amp;apos;
System info: host: &amp;apos;PCIN487046&amp;apos;, ip: &amp;apos;192.168.1.100&amp;apos;, os.name: &amp;apos;Windows 10&amp;apos;, os.arch: &amp;apos;amd64&amp;apos;, os.version: &amp;apos;10.0&amp;apos;, java.version: &amp;apos;1.8.0_261&amp;apos;
Driver info: org.openqa.selenium.chrome.ChromeDriver
Capabilities {acceptInsecureCerts: false, browserName: chrome, browserVersion: 83.0.4103.116, chrome: {chromedriverVersion: 83.0.4103.39 (ccbf011cb2d2b..., userDataDir: C:\Users\875381\AppData\Loc...}, goog:chromeOptions: {debuggerAddress: localhost:57632}, javascriptEnabled: true, networkConnectionEnabled: false, pageLoadStrategy: normal, platform: WINDOWS, platformName: WINDOWS, proxy: Proxy(), setWindowRect: true, strictFileInteractability: false, timeouts: {implicit: 0, pageLoad: 300000, script: 30000}, unhandledPromptBehavior: dismiss and notify, webauthn:virtualAuthenticators: true}
Session ID: 4c24d6e3be8d87b89ef0cbf35f8e12cb">
      <![CDATA[org.openqa.selenium.TimeoutException: Expected condition failed: waiting for value to contain "600". Current value: "null" (tried for 15 second(s) with 500 milliseconds interval)
Build info: version: '3.141.59', revision: 'e82be7d358', time: '2018-11-14T08:17:03'
System info: host: 'PCIN487046', ip: '192.168.1.100', os.name: 'Windows 10', os.arch: 'amd64', os.version: '10.0', java.version: '1.8.0_261'
Driver info: org.openqa.selenium.chrome.ChromeDriver
Capabilities {acceptInsecureCerts: false, browserName: chrome, browserVersion: 83.0.4103.116, chrome: {chromedriverVersion: 83.0.4103.39 (ccbf011cb2d2b..., userDataDir: C:\Users\875381\AppData\Loc...}, goog:chromeOptions: {debuggerAddress: localhost:57632}, javascriptEnabled: true, networkConnectionEnabled: false, pageLoadStrategy: normal, platform: WINDOWS, platformName: WINDOWS, proxy: Proxy(), setWindowRect: true, strictFileInteractability: false, timeouts: {implicit: 0, pageLoad: 300000, script: 30000}, unhandledPromptBehavior: dismiss and notify, webauthn:virtualAuthenticators: true}
Session ID: 4c24d6e3be8d87b89ef0cbf35f8e12cb
	at org.openqa.selenium.support.ui.WebDriverWait.timeoutException(WebDriverWait.java:95)
	at org.openqa.selenium.support.ui.FluentWait.until(FluentWait.java:272)
	at testscenarios.Hotels.testCaseSetMin(Hotels.java:173)
... Removed 25 stack frames]]>
    </failure>
  </testcase> <!-- testCaseSetMin -->
  <testcase name="testCaseSetMax" time="0.774" classname="testscenarios.Hotels"/>
  <testcase name="testCaseHotelCount" time="1.421" classname="testscenarios.Hotels"/>
  <testcase name="testCaseWriteExcel" time="5.64" classname="testscenarios.Hotels"/>
  <testcase name="screenshotResult" time="0.507" classname="testscenarios.Hotels"/>
</testsuite> <!-- hotel booking-chromeTest -->
