<html>
<head>
<title>TestNG:  hotel booking-chromeTest</title>
<link href="../testng.css" rel="stylesheet" type="text/css" />
<link href="../my-testng.css" rel="stylesheet" type="text/css" />

<style type="text/css">
.log { display: none;} 
.stack-trace { display: none;} 
</style>
<script type="text/javascript">
<!--
function flip(e) {
  current = e.style.display;
  if (current == 'block') {
    e.style.display = 'none';
    return 0;
  }
  else {
    e.style.display = 'block';
    return 1;
  }
}

function toggleBox(szDivId, elem, msg1, msg2)
{
  var res = -1;  if (document.getElementById) {
    res = flip(document.getElementById(szDivId));
  }
  else if (document.all) {
    // this is the way old msie versions work
    res = flip(document.all[szDivId]);
  }
  if(elem) {
    if(res == 0) elem.innerHTML = msg1; else elem.innerHTML = msg2;
  }

}

function toggleAllBoxes() {
  if (document.getElementsByTagName) {
    d = document.getElementsByTagName('div');
    for (i = 0; i < d.length; i++) {
      if (d[i].className == 'log') {
        flip(d[i]);
      }
    }
  }
}

// -->
</script>

</head>
<body>
<h2 align='center'>hotel booking-chromeTest</h2><table border='1' align="center">
<tr>
<td>Tests passed/Failed/Skipped:</td><td>13/1/0</td>
</tr><tr>
<td>Started on:</td><td>Wed Nov 11 09:51:00 IST 2020</td>
</tr>
<tr><td>Total time:</td><td>84 seconds (84975 ms)</td>
</tr><tr>
<td>Included groups:</td><td></td>
</tr><tr>
<td>Excluded groups:</td><td></td>
</tr>
</table><p/>
<small><i>(Hover the method name to see the test class name)</i></small><p/>
<table width='100%' border='1' class='invocation-failed'>
<tr><td colspan='4' align='center'><b>FAILED TESTS</b></td></tr>
<tr><td><b>Test method</b></td>
<td width="30%"><b>Exception</b></td>
<td width="10%"><b>Time (seconds)</b></td>
<td><b>Instance</b></td>
</tr>
<tr>
<td title='testscenarios.Hotels.testCaseSetMin()'><b>testCaseSetMin</b><br>Test class: testscenarios.Hotels</td>
<td><div><pre>org.openqa.selenium.TimeoutException: Expected condition failed: waiting for value to contain &quot;600&quot;. Current value: &quot;null&quot; (tried for 15 second(s) with 500 milliseconds interval)
Build info: version: &apos;3.141.59&apos;, revision: &apos;e82be7d358&apos;, time: &apos;2018-11-14T08:17:03&apos;
System info: host: &apos;PCIN487046&apos;, ip: &apos;192.168.1.100&apos;, os.name: &apos;Windows 10&apos;, os.arch: &apos;amd64&apos;, os.version: &apos;10.0&apos;, java.version: &apos;1.8.0_261&apos;
Driver info: org.openqa.selenium.chrome.ChromeDriver
Capabilities {acceptInsecureCerts: false, browserName: chrome, browserVersion: 83.0.4103.116, chrome: {chromedriverVersion: 83.0.4103.39 (ccbf011cb2d2b..., userDataDir: C:\Users\875381\AppData\Loc...}, goog:chromeOptions: {debuggerAddress: localhost:57632}, javascriptEnabled: true, networkConnectionEnabled: false, pageLoadStrategy: normal, platform: WINDOWS, platformName: WINDOWS, proxy: Proxy(), setWindowRect: true, strictFileInteractability: false, timeouts: {implicit: 0, pageLoad: 300000, script: 30000}, unhandledPromptBehavior: dismiss and notify, webauthn:virtualAuthenticators: true}
Session ID: 4c24d6e3be8d87b89ef0cbf35f8e12cb
	at org.openqa.selenium.support.ui.WebDriverWait.timeoutException(WebDriverWait.java:95)
	at org.openqa.selenium.support.ui.FluentWait.until(FluentWait.java:272)
	at testscenarios.Hotels.testCaseSetMin(Hotels.java:173)
... Removed 25 stack frames</pre></div><a href='#' onClick='toggleBox("stack-trace2015261478", this, "Click to show all stack frames", "Click to hide stack frames")'>Click to show all stack frames</a>
<div class='stack-trace' id='stack-trace2015261478'><pre>org.openqa.selenium.TimeoutException: Expected condition failed: waiting for value to contain &quot;600&quot;. Current value: &quot;null&quot; (tried for 15 second(s) with 500 milliseconds interval)
Build info: version: &apos;3.141.59&apos;, revision: &apos;e82be7d358&apos;, time: &apos;2018-11-14T08:17:03&apos;
System info: host: &apos;PCIN487046&apos;, ip: &apos;192.168.1.100&apos;, os.name: &apos;Windows 10&apos;, os.arch: &apos;amd64&apos;, os.version: &apos;10.0&apos;, java.version: &apos;1.8.0_261&apos;
Driver info: org.openqa.selenium.chrome.ChromeDriver
Capabilities {acceptInsecureCerts: false, browserName: chrome, browserVersion: 83.0.4103.116, chrome: {chromedriverVersion: 83.0.4103.39 (ccbf011cb2d2b..., userDataDir: C:\Users\875381\AppData\Loc...}, goog:chromeOptions: {debuggerAddress: localhost:57632}, javascriptEnabled: true, networkConnectionEnabled: false, pageLoadStrategy: normal, platform: WINDOWS, platformName: WINDOWS, proxy: Proxy(), setWindowRect: true, strictFileInteractability: false, timeouts: {implicit: 0, pageLoad: 300000, script: 30000}, unhandledPromptBehavior: dismiss and notify, webauthn:virtualAuthenticators: true}
Session ID: 4c24d6e3be8d87b89ef0cbf35f8e12cb
	at org.openqa.selenium.support.ui.WebDriverWait.timeoutException(WebDriverWait.java:95)
	at org.openqa.selenium.support.ui.FluentWait.until(FluentWait.java:272)
	at testscenarios.Hotels.testCaseSetMin(Hotels.java:173)
	at sun.reflect.NativeMethodAccessorImpl.invoke0(Native Method)
	at sun.reflect.NativeMethodAccessorImpl.invoke(Unknown Source)
	at sun.reflect.DelegatingMethodAccessorImpl.invoke(Unknown Source)
	at java.lang.reflect.Method.invoke(Unknown Source)
	at org.testng.internal.MethodInvocationHelper.invokeMethod(MethodInvocationHelper.java:108)
	at org.testng.internal.Invoker.invokeMethod(Invoker.java:661)
	at org.testng.internal.Invoker.invokeTestMethod(Invoker.java:869)
	at org.testng.internal.Invoker.invokeTestMethods(Invoker.java:1193)
	at org.testng.internal.TestMethodWorker.invokeTestMethods(TestMethodWorker.java:126)
	at org.testng.internal.TestMethodWorker.run(TestMethodWorker.java:109)
	at org.testng.TestRunner.privateRun(TestRunner.java:744)
	at org.testng.TestRunner.run(TestRunner.java:602)
	at org.testng.SuiteRunner.runTest(SuiteRunner.java:380)
	at org.testng.SuiteRunner.runSequentially(SuiteRunner.java:375)
	at org.testng.SuiteRunner.privateRun(SuiteRunner.java:340)
	at org.testng.SuiteRunner.run(SuiteRunner.java:289)
	at org.testng.SuiteRunnerWorker.runSuite(SuiteRunnerWorker.java:52)
	at org.testng.SuiteRunnerWorker.run(SuiteRunnerWorker.java:86)
	at org.testng.TestNG.runSuitesSequentially(TestNG.java:1301)
	at org.testng.TestNG.runSuitesLocally(TestNG.java:1226)
	at org.testng.TestNG.runSuites(TestNG.java:1144)
	at org.testng.TestNG.run(TestNG.java:1115)
	at org.testng.remote.AbstractRemoteTestNG.run(AbstractRemoteTestNG.java:132)
	at org.testng.remote.RemoteTestNG.initAndRun(RemoteTestNG.java:230)
	at org.testng.remote.RemoteTestNG.main(RemoteTestNG.java:76)
</pre></div></td>
<td>22</td>
<td>testscenarios.Hotels@1bce4f0a</td></tr>
</table><p>
<table width='100%' border='1' class='invocation-passed'>
<tr><td colspan='4' align='center'><b>PASSED TESTS</b></td></tr>
<tr><td><b>Test method</b></td>
<td width="30%"><b>Exception</b></td>
<td width="10%"><b>Time (seconds)</b></td>
<td><b>Instance</b></td>
</tr>
<tr>
<td title='testscenarios.Hotels.screenshotInitial()'><b>screenshotInitial</b><br>Test class: testscenarios.Hotels</td>
<td></td>
<td>1</td>
<td>testscenarios.Hotels@1bce4f0a</td></tr>
<tr>
<td title='testscenarios.Hotels.screenshotResult()'><b>screenshotResult</b><br>Test class: testscenarios.Hotels</td>
<td></td>
<td>0</td>
<td>testscenarios.Hotels@1bce4f0a</td></tr>
<tr>
<td title='testscenarios.Hotels.testCaseCitySelect()'><b>testCaseCitySelect</b><br>Test class: testscenarios.Hotels</td>
<td></td>
<td>1</td>
<td>testscenarios.Hotels@1bce4f0a</td></tr>
<tr>
<td title='testscenarios.Hotels.testCaseDate()'><b>testCaseDate</b><br>Test class: testscenarios.Hotels</td>
<td></td>
<td>0</td>
<td>testscenarios.Hotels@1bce4f0a</td></tr>
<tr>
<td title='testscenarios.Hotels.testCaseHotelCount()'><b>testCaseHotelCount</b><br>Test class: testscenarios.Hotels</td>
<td></td>
<td>1</td>
<td>testscenarios.Hotels@1bce4f0a</td></tr>
<tr>
<td title='testscenarios.Hotels.testCaseLocationBox()'><b>testCaseLocationBox</b><br>Test class: testscenarios.Hotels</td>
<td></td>
<td>2</td>
<td>testscenarios.Hotels@1bce4f0a</td></tr>
<tr>
<td title='testscenarios.Hotels.testCaseLocationInput()'><b>testCaseLocationInput</b><br>Test class: testscenarios.Hotels</td>
<td></td>
<td>0</td>
<td>testscenarios.Hotels@1bce4f0a</td></tr>
<tr>
<td title='testscenarios.Hotels.testCaseReadExcel()'><b>testCaseReadExcel</b><br>Test class: testscenarios.Hotels</td>
<td></td>
<td>11</td>
<td>testscenarios.Hotels@1bce4f0a</td></tr>
<tr>
<td title='testscenarios.Hotels.testCaseSearch()'><b>testCaseSearch</b><br>Test class: testscenarios.Hotels</td>
<td></td>
<td>0</td>
<td>testscenarios.Hotels@1bce4f0a</td></tr>
<tr>
<td title='testscenarios.Hotels.testCaseSetMax()'><b>testCaseSetMax</b><br>Test class: testscenarios.Hotels</td>
<td></td>
<td>0</td>
<td>testscenarios.Hotels@1bce4f0a</td></tr>
<tr>
<td title='testscenarios.Hotels.testCaseSetPrice()'><b>testCaseSetPrice</b><br>Test class: testscenarios.Hotels</td>
<td></td>
<td>2</td>
<td>testscenarios.Hotels@1bce4f0a</td></tr>
<tr>
<td title='testscenarios.Hotels.testCaseStaysButton()'><b>testCaseStaysButton</b><br>Test class: testscenarios.Hotels</td>
<td></td>
<td>1</td>
<td>testscenarios.Hotels@1bce4f0a</td></tr>
<tr>
<td title='testscenarios.Hotels.testCaseWriteExcel()'><b>testCaseWriteExcel</b><br>Test class: testscenarios.Hotels<br>Parameters: chrome</td>
<td></td>
<td>5</td>
<td>testscenarios.Hotels@1bce4f0a</td></tr>
</table><p>
</body>
</html>